#! /usr/local/Cellar/icarus-verilog/10.0/bin/vvp
:ivl_version "10.0 (stable)" "(v10_0)";
:ivl_delay_selection "TYPICAL";
:vpi_time_precision + 0;
:vpi_module "system";
:vpi_module "vhdl_sys";
:vpi_module "v2005_math";
:vpi_module "va_math";
S_0x7fe75c700150 .scope module, "MEM_WB" "MEM_WB" 2 1;
 .timescale 0 0;
    .port_info 0 /INPUT 1 "stall_i"
    .port_info 1 /INPUT 1 "clk_i"
    .port_info 2 /INPUT 2 "WB_i"
    .port_info 3 /INPUT 32 "ReadData_i"
    .port_info 4 /INPUT 5 "mux3_i"
    .port_info 5 /INPUT 32 "immed_i"
    .port_info 6 /OUTPUT 2 "WB_o"
    .port_info 7 /OUTPUT 32 "ReadData_o"
    .port_info 8 /OUTPUT 5 "mux3_o"
    .port_info 9 /OUTPUT 32 "immed_o"
o0x108942008 .functor BUFZ 32, C4<zzzzzzzzzzzzzzzzzzzzzzzzzzzzzzzz>; HiZ drive
v0x7fe75c700430_0 .net "ReadData_i", 31 0, o0x108942008;  0 drivers
v0x7fe75c7104f0_0 .var "ReadData_o", 31 0;
o0x108942068 .functor BUFZ 2, C4<zz>; HiZ drive
v0x7fe75c710590_0 .net "WB_i", 1 0, o0x108942068;  0 drivers
v0x7fe75c710640_0 .var "WB_o", 1 0;
o0x1089420c8 .functor BUFZ 1, C4<z>; HiZ drive
v0x7fe75c7106f0_0 .net "clk_i", 0 0, o0x1089420c8;  0 drivers
o0x1089420f8 .functor BUFZ 32, C4<zzzzzzzzzzzzzzzzzzzzzzzzzzzzzzzz>; HiZ drive
v0x7fe75c7107d0_0 .net "immed_i", 31 0, o0x1089420f8;  0 drivers
v0x7fe75c710880_0 .var "immed_o", 31 0;
o0x108942158 .functor BUFZ 5, C4<zzzzz>; HiZ drive
v0x7fe75c710930_0 .net "mux3_i", 4 0, o0x108942158;  0 drivers
v0x7fe75c7109e0_0 .var "mux3_o", 4 0;
o0x1089421b8 .functor BUFZ 1, C4<z>; HiZ drive
v0x7fe75c710af0_0 .net "stall_i", 0 0, o0x1089421b8;  0 drivers
E_0x7fe75c700400 .event negedge, v0x7fe75c7106f0_0;
    .scope S_0x7fe75c700150;
T_0 ;
    %wait E_0x7fe75c700400;
    %load/vec4 v0x7fe75c710af0_0;
    %flag_set/vec4 8;
    %jmp/0xz  T_0.0, 8;
    %jmp T_0.1;
T_0.0 ;
    %load/vec4 v0x7fe75c710590_0;
    %assign/vec4 v0x7fe75c710640_0, 0;
    %load/vec4 v0x7fe75c700430_0;
    %assign/vec4 v0x7fe75c7104f0_0, 0;
    %load/vec4 v0x7fe75c7107d0_0;
    %assign/vec4 v0x7fe75c710880_0, 0;
    %load/vec4 v0x7fe75c710930_0;
    %assign/vec4 v0x7fe75c7109e0_0, 0;
T_0.1 ;
    %jmp T_0;
    .thread T_0;
# The file index is used to find the file name in the following table.
:file_names 3;
    "N/A";
    "<interactive>";
    "MEM_WB.v";
