#! /usr/local/Cellar/icarus-verilog/10.0/bin/vvp
:ivl_version "10.0 (stable)" "(v10_0)";
:ivl_delay_selection "TYPICAL";
:vpi_time_precision + 0;
:vpi_module "system";
:vpi_module "vhdl_sys";
:vpi_module "v2005_math";
:vpi_module "va_math";
S_0x7f8f3a607090 .scope module, "ForwardingUnit" "ForwardingUnit" 2 1;
 .timescale 0 0;
    .port_info 0 /INPUT 5 "ID_EX_RegRs"
    .port_info 1 /INPUT 5 "ID_EX_RegRt"
    .port_info 2 /INPUT 1 "EX_MEM_regWrite_i"
    .port_info 3 /INPUT 5 "EX_MEM_RegRd_i"
    .port_info 4 /INPUT 1 "MEM_WB_regWrite_i"
    .port_info 5 /INPUT 5 "MEM_WB_RegRd_i"
    .port_info 6 /OUTPUT 2 "ForwardA_o"
    .port_info 7 /OUTPUT 2 "ForwardB_o"
L_0x7f8f3a6177f0 .functor BUFZ 2, v0x7f8f3a6175b0_0, C4<00>, C4<00>, C4<00>;
L_0x7f8f3a617890 .functor BUFZ 2, v0x7f8f3a6176c0_0, C4<00>, C4<00>, C4<00>;
o0x10613f008 .functor BUFZ 5, C4<zzzzz>; HiZ drive
v0x7f8f3a6072b0_0 .net "EX_MEM_RegRd_i", 4 0, o0x10613f008;  0 drivers
o0x10613f038 .functor BUFZ 1, C4<z>; HiZ drive
v0x7f8f3a6170d0_0 .net "EX_MEM_regWrite_i", 0 0, o0x10613f038;  0 drivers
v0x7f8f3a617170_0 .net "ForwardA_o", 1 0, L_0x7f8f3a6177f0;  1 drivers
v0x7f8f3a617210_0 .net "ForwardB_o", 1 0, L_0x7f8f3a617890;  1 drivers
o0x10613f0c8 .functor BUFZ 5, C4<zzzzz>; HiZ drive
v0x7f8f3a6172c0_0 .net "ID_EX_RegRs", 4 0, o0x10613f0c8;  0 drivers
o0x10613f0f8 .functor BUFZ 5, C4<zzzzz>; HiZ drive
v0x7f8f3a6173b0_0 .net "ID_EX_RegRt", 4 0, o0x10613f0f8;  0 drivers
o0x10613f128 .functor BUFZ 5, C4<zzzzz>; HiZ drive
v0x7f8f3a617460_0 .net "MEM_WB_RegRd_i", 4 0, o0x10613f128;  0 drivers
o0x10613f158 .functor BUFZ 1, C4<z>; HiZ drive
v0x7f8f3a617510_0 .net "MEM_WB_regWrite_i", 0 0, o0x10613f158;  0 drivers
v0x7f8f3a6175b0_0 .var "fa_temp", 1 0;
v0x7f8f3a6176c0_0 .var "fb_temp", 1 0;
E_0x7f8f3a6013a0/0 .event edge, v0x7f8f3a6170d0_0, v0x7f8f3a6072b0_0, v0x7f8f3a6172c0_0, v0x7f8f3a6173b0_0;
E_0x7f8f3a6013a0/1 .event edge, v0x7f8f3a617510_0, v0x7f8f3a617460_0;
E_0x7f8f3a6013a0 .event/or E_0x7f8f3a6013a0/0, E_0x7f8f3a6013a0/1;
    .scope S_0x7f8f3a607090;
T_0 ;
    %wait E_0x7f8f3a6013a0;
    %pushi/vec4 0, 0, 2;
    %store/vec4 v0x7f8f3a6175b0_0, 0, 2;
    %pushi/vec4 0, 0, 2;
    %store/vec4 v0x7f8f3a6176c0_0, 0, 2;
    %load/vec4 v0x7f8f3a6170d0_0;
    %load/vec4 v0x7f8f3a6072b0_0;
    %pad/u 32;
    %pushi/vec4 0, 0, 32;
    %cmp/e;
    %flag_get/vec4 4;
    %inv;
    %and;
    %flag_set/vec4 8;
    %jmp/0xz  T_0.0, 8;
    %load/vec4 v0x7f8f3a6072b0_0;
    %load/vec4 v0x7f8f3a6172c0_0;
    %cmp/e;
    %jmp/0xz  T_0.2, 4;
    %pushi/vec4 2, 0, 2;
    %store/vec4 v0x7f8f3a6175b0_0, 0, 2;
T_0.2 ;
    %load/vec4 v0x7f8f3a6072b0_0;
    %load/vec4 v0x7f8f3a6173b0_0;
    %cmp/e;
    %jmp/0xz  T_0.4, 4;
    %pushi/vec4 2, 0, 2;
    %store/vec4 v0x7f8f3a6176c0_0, 0, 2;
T_0.4 ;
T_0.0 ;
    %load/vec4 v0x7f8f3a617510_0;
    %load/vec4 v0x7f8f3a617460_0;
    %pad/u 32;
    %pushi/vec4 0, 0, 32;
    %cmp/e;
    %flag_get/vec4 4;
    %inv;
    %and;
    %flag_set/vec4 8;
    %jmp/0xz  T_0.6, 8;
    %load/vec4 v0x7f8f3a617460_0;
    %load/vec4 v0x7f8f3a6172c0_0;
    %cmp/e;
    %jmp/0xz  T_0.8, 4;
    %pushi/vec4 1, 0, 2;
    %store/vec4 v0x7f8f3a6175b0_0, 0, 2;
T_0.8 ;
    %load/vec4 v0x7f8f3a617460_0;
    %load/vec4 v0x7f8f3a6173b0_0;
    %cmp/e;
    %jmp/0xz  T_0.10, 4;
    %pushi/vec4 1, 0, 2;
    %store/vec4 v0x7f8f3a6176c0_0, 0, 2;
T_0.10 ;
T_0.6 ;
    %jmp T_0;
    .thread T_0, $push;
# The file index is used to find the file name in the following table.
:file_names 3;
    "N/A";
    "<interactive>";
    "ForwardingUnit.v";
